app/build/intermediates/manifest_merge_blame_file/debug/manifest-merger-blame-debug-report.txt
1<?xml version="1.0" encoding="utf-8"?>
2<manifest xmlns:android="http://schemas.android.com/apk/res/android"
3    package="com.thws.boyaddz"
4    android:versionCode="1"
5    android:versionName="1.0" >
6
7    <uses-sdk
8        android:minSdkVersion="21"
8-->src/main/AndroidManifest.xml
9        android:targetSdkVersion="30" />
9-->src/main/AndroidManifest.xml
10
11    <application
11-->src/main/AndroidManifest.xml:7:5-22:19
12        android:name="com.thws.boyaddz.BoYaDDZApp"
12-->src/main/AndroidManifest.xml:8:9-35
13        android:allowBackup="true"
13-->src/main/AndroidManifest.xml:9:9-35
14        android:appComponentFactory="androidx.core.app.CoreComponentFactory"
14-->[androidx.core:core:1.1.0] AndroidManifest.xml:24:18-86
15        android:debuggable="true"
16        android:icon="@drawable/icon_launcher"
16-->src/main/AndroidManifest.xml:10:9-47
17        android:label="@string/app_name"
17-->src/main/AndroidManifest.xml:11:9-41
18        android:testOnly="true"
19        android:theme="@style/GameStyle" >
19-->src/main/AndroidManifest.xml:12:9-41
20        <activity
20-->src/main/AndroidManifest.xml:13:9-21:20
21            android:name="com.thws.boyaddz.MainActivity"
21-->src/main/AndroidManifest.xml:14:13-57
22            android:label="@string/app_name" >
22-->src/main/AndroidManifest.xml:15:13-45
23            <intent-filter>
23-->src/main/AndroidManifest.xml:16:13-20:29
24                <action android:name="android.intent.action.MAIN" />
24-->src/main/AndroidManifest.xml:17:17-69
24-->src/main/AndroidManifest.xml:17:25-66
25
26                <category android:name="android.intent.category.LAUNCHER" />
26-->src/main/AndroidManifest.xml:19:17-77
26-->src/main/AndroidManifest.xml:19:27-74
27            </intent-filter>
28        </activity>
29        <activity
29-->[com.blankj:utilcode:1.30.6] AndroidManifest.xml:10:9-14:75
30            android:name="com.blankj.utilcode.util.UtilsTransActivity4MainProcess"
30-->[com.blankj:utilcode:1.30.6] AndroidManifest.xml:11:13-83
31            android:configChanges="orientation|keyboardHidden|screenSize"
31-->[com.blankj:utilcode:1.30.6] AndroidManifest.xml:12:13-74
32            android:theme="@style/ActivityTranslucent"
32-->[com.blankj:utilcode:1.30.6] AndroidManifest.xml:13:13-55
33            android:windowSoftInputMode="stateHidden|stateAlwaysHidden" />
33-->[com.blankj:utilcode:1.30.6] AndroidManifest.xml:14:13-72
34        <activity
34-->[com.blankj:utilcode:1.30.6] AndroidManifest.xml:15:9-20:75
35            android:name="com.blankj.utilcode.util.UtilsTransActivity"
35-->[com.blankj:utilcode:1.30.6] AndroidManifest.xml:16:13-71
36            android:configChanges="orientation|keyboardHidden|screenSize"
36-->[com.blankj:utilcode:1.30.6] AndroidManifest.xml:17:13-74
37            android:multiprocess="true"
37-->[com.blankj:utilcode:1.30.6] AndroidManifest.xml:18:13-40
38            android:theme="@style/ActivityTranslucent"
38-->[com.blankj:utilcode:1.30.6] AndroidManifest.xml:19:13-55
39            android:windowSoftInputMode="stateHidden|stateAlwaysHidden" />
39-->[com.blankj:utilcode:1.30.6] AndroidManifest.xml:20:13-72
40
41        <provider
41-->[com.blankj:utilcode:1.30.6] AndroidManifest.xml:22:9-30:20
42            android:name="com.blankj.utilcode.util.UtilsFileProvider"
42-->[com.blankj:utilcode:1.30.6] AndroidManifest.xml:23:13-70
43            android:authorities="com.thws.boyaddz.utilcode.provider"
43-->[com.blankj:utilcode:1.30.6] AndroidManifest.xml:24:13-69
44            android:exported="false"
44-->[com.blankj:utilcode:1.30.6] AndroidManifest.xml:25:13-37
45            android:grantUriPermissions="true" >
45-->[com.blankj:utilcode:1.30.6] AndroidManifest.xml:26:13-47
46            <meta-data
46-->[com.blankj:utilcode:1.30.6] AndroidManifest.xml:27:13-29:68
47                android:name="android.support.FILE_PROVIDER_PATHS"
47-->[com.blankj:utilcode:1.30.6] AndroidManifest.xml:28:17-67
48                android:resource="@xml/util_code_provider_paths" />
48-->[com.blankj:utilcode:1.30.6] AndroidManifest.xml:29:17-65
49        </provider>
50
51        <service
51-->[com.blankj:utilcode:1.30.6] AndroidManifest.xml:32:9-38:19
52            android:name="com.blankj.utilcode.util.MessengerUtils$ServerService"
52-->[com.blankj:utilcode:1.30.6] AndroidManifest.xml:33:13-81
53            android:exported="false" >
53-->[com.blankj:utilcode:1.30.6] AndroidManifest.xml:34:13-37
54            <intent-filter>
54-->[com.blankj:utilcode:1.30.6] AndroidManifest.xml:35:13-37:29
55                <action android:name="com.thws.boyaddz.messenger" />
55-->[com.blankj:utilcode:1.30.6] AndroidManifest.xml:36:17-69
55-->[com.blankj:utilcode:1.30.6] AndroidManifest.xml:36:25-66
56            </intent-filter>
57        </service>
58    </application>
59
60</manifest>